<?xml version="1.0" encoding="UTF-8"?>
<!-- Generated by org.testng.reporters.JUnitXMLReporter -->
<testsuite hostname="ASDP1498PO01976" ignored="0" name="Default test" tests="4" failures="0" timestamp="05 Jun 2020 10:38:38 GMT" time="17.887" errors="0">
  <testcase name="launchURL" time="2.971" classname="com.testprojects.ReadAndWriteToExcel.ReadAndWriteTestClass"/>
  <testcase name="getDataFromTable" time="0.609" classname="com.testprojects.ReadAndWriteToExcel.ReadAndWriteTestClass"/>
  <testcase name="writeDataInExcelFile" time="1.318" classname="com.testprojects.ReadAndWriteToExcel.ReadAndWriteTestClass"/>
  <testcase name="readDAtaFromExcelFile" time="0.199" classname="com.testprojects.ReadAndWriteToExcel.ReadAndWriteTestClass"/>
</testsuite> <!-- Default test -->
