<?xml version="1.0" encoding="UTF-8"?>
<testng-results skipped="0" failed="0" ignored="0" total="4" passed="4">
  <reporter-output>
  </reporter-output>
  <suite name="Default suite" duration-ms="17887" started-at="2020-06-05T10:38:20Z" finished-at="2020-06-05T10:38:38Z">
    <groups>
    </groups>
    <test name="Default test" duration-ms="17887" started-at="2020-06-05T10:38:20Z" finished-at="2020-06-05T10:38:38Z">
      <class name="com.testprojects.ReadAndWriteToExcel.ReadAndWriteTestClass">
        <test-method status="PASS" signature="beforeClass()[pri:0, instance:com.testprojects.ReadAndWriteToExcel.ReadAndWriteTestClass@12c8a2c0]" name="beforeClass" is-config="true" duration-ms="10553" started-at="2020-06-05T10:38:20Z" finished-at="2020-06-05T10:38:31Z">
          <reporter-output>
          </reporter-output>
        </test-method> <!-- beforeClass -->
        <test-method status="PASS" signature="launchURL()[pri:0, instance:com.testprojects.ReadAndWriteToExcel.ReadAndWriteTestClass@12c8a2c0]" name="launchURL" duration-ms="2971" started-at="2020-06-05T10:38:31Z" finished-at="2020-06-05T10:38:34Z">
          <reporter-output>
          </reporter-output>
        </test-method> <!-- launchURL -->
        <test-method status="PASS" signature="getDataFromTable()[pri:0, instance:com.testprojects.ReadAndWriteToExcel.ReadAndWriteTestClass@12c8a2c0]" name="getDataFromTable" duration-ms="609" started-at="2020-06-05T10:38:34Z" depends-on-methods="com.testprojects.ReadAndWriteToExcel.ReadAndWriteTestClass.launchURL" finished-at="2020-06-05T10:38:35Z">
          <reporter-output>
          </reporter-output>
        </test-method> <!-- getDataFromTable -->
        <test-method status="PASS" signature="writeDataInExcelFile()[pri:0, instance:com.testprojects.ReadAndWriteToExcel.ReadAndWriteTestClass@12c8a2c0]" name="writeDataInExcelFile" duration-ms="1318" started-at="2020-06-05T10:38:35Z" depends-on-methods="com.testprojects.ReadAndWriteToExcel.ReadAndWriteTestClass.getDataFromTable" finished-at="2020-06-05T10:38:36Z">
          <reporter-output>
          </reporter-output>
        </test-method> <!-- writeDataInExcelFile -->
        <test-method status="PASS" signature="readDAtaFromExcelFile()[pri:0, instance:com.testprojects.ReadAndWriteToExcel.ReadAndWriteTestClass@12c8a2c0]" name="readDAtaFromExcelFile" duration-ms="199" started-at="2020-06-05T10:38:36Z" depends-on-methods="com.testprojects.ReadAndWriteToExcel.ReadAndWriteTestClass.writeDataInExcelFile" finished-at="2020-06-05T10:38:36Z">
          <reporter-output>
          </reporter-output>
        </test-method> <!-- readDAtaFromExcelFile -->
        <test-method status="PASS" signature="afterClass()[pri:0, instance:com.testprojects.ReadAndWriteToExcel.ReadAndWriteTestClass@12c8a2c0]" name="afterClass" is-config="true" duration-ms="2201" started-at="2020-06-05T10:38:36Z" finished-at="2020-06-05T10:38:38Z">
          <reporter-output>
          </reporter-output>
        </test-method> <!-- afterClass -->
      </class> <!-- com.testprojects.ReadAndWriteToExcel.ReadAndWriteTestClass -->
    </test> <!-- Default test -->
  </suite> <!-- Default suite -->
</testng-results>
